Der Buildvorgang wurde am 17.02.2013 19:15:48 gestartet.
     1>Projekt "C:\of_v0073_tma\apps\2013_interlab\oscSender\oscSenderExample.vcxproj" auf Knoten "2", build Ziel(e).
     1>InitializeBuildStatus:
         "obj\Debug\oscSenderExample.unsuccessfulbuild" wird erstellt, da "AlwaysCreate" angegeben wurde.
       ClCompile:
         C:\Program Files (x86)\Microsoft Visual Studio 10.0\VC\bin\CL.exe /c /I..\..\..\addons\ofxSimpleSerial\src /I..\..\..\libs\openFrameworks /I..\..\..\libs\openFrameworks\graphics /I..\..\..\libs\openFrameworks\app /I..\..\..\libs\openFrameworks\sound /I..\..\..\libs\openFrameworks\utils /I..\..\..\libs\openFrameworks\communication /I..\..\..\libs\openFrameworks\video /I..\..\..\libs\openFrameworks\types /I..\..\..\libs\openFrameworks\math /I..\..\..\libs\openFrameworks\3d /I..\..\..\libs\openFrameworks\gl /I..\..\..\libs\openFrameworks\events /I..\..\..\libs\glut\include /I..\..\..\libs\rtAudio\include /I..\..\..\libs\quicktime\include /I..\..\..\libs\freetype\include /I..\..\..\libs\freetype\include\freetype2 /I..\..\..\libs\freeImage\include /I..\..\..\libs\fmodex\include /I..\..\..\libs\videoInput\include /I..\..\..\libs\glew\include\ /I..\..\..\libs\glu\include /I..\..\..\libs\tess2\include /I..\..\..\libs\cairo\include\cairo /I..\..\..\libs\poco\include /I..\..\..\addons /I..\..\..\addons\ofxOsc\libs /I..\..\..\addons\ofxOsc\libs\oscpack /I..\..\..\addons\ofxOsc\libs\oscpack\src /I..\..\..\addons\ofxOsc\libs\oscpack\src\ip /I..\..\..\addons\ofxOsc\libs\oscpack\src\ip\posix /I..\..\..\addons\ofxOsc\libs\oscpack\src\ip\win32 /I..\..\..\addons\ofxOsc\libs\oscpack\src\osc /I..\..\..\addons\ofxOsc\src /Isrc /ZI /nologo /W3 /WX- /Od /Oy- /D WIN32 /D _DEBUG /D _CONSOLE /D POCO_STATIC /D CAIRO_WIN32_STATIC_BUILD /D DISABLE_SOME_FLOATING_POINT /D _UNICODE /D UNICODE /Gm /EHsc /RTC1 /MDd /GS /fp:precise /Zc:wchar_t /Zc:forScope /Fo"obj\Debug\\" /Fd"obj\Debug\vc100.pdb" /Gd /TP /analyze- /errorReport:prompt src\testApp.cpp
         testApp.cpp
         Alle Ausgaben sind aktuell.
       ManifestResourceCompile:
         Alle Ausgaben sind aktuell.
       Link:
         C:\Program Files (x86)\Microsoft Visual Studio 10.0\VC\bin\link.exe /ERRORREPORT:PROMPT /OUT:"bin\oscSenderExample_debug.exe" /INCREMENTAL /NOLOGO /LIBPATH:..\..\..\libs\glut\lib\vs2010 /LIBPATH:..\..\..\libs\rtAudio\lib\vs2010 /LIBPATH:..\..\..\libs\FreeImage\lib\vs2010 /LIBPATH:..\..\..\libs\freetype\lib\vs2010 /LIBPATH:..\..\..\libs\quicktime\lib\vs2010 /LIBPATH:..\..\..\libs\fmodex\lib\vs2010 /LIBPATH:..\..\..\libs\videoInput\lib\vs2010 /LIBPATH:..\..\..\libs\cairo\lib\vs2010 /LIBPATH:..\..\..\libs\glew\lib\vs2010 /LIBPATH:..\..\..\libs\glu\lib\vs2010 /LIBPATH:..\..\..\libs\Poco\lib\vs2010 /LIBPATH:..\..\..\libs\tess2\lib\vs2010 "cairo-static.lib" "pixman-1.lib" msimg32.lib OpenGL32.lib GLu32.lib kernel32.lib setupapi.lib Vfw32.lib comctl32.lib glut32.lib rtAudioD.lib videoInput.lib libfreetype.lib FreeImage.lib qtmlClient.lib dsound.lib user32.lib gdi32.lib winspool.lib comdlg32.lib advapi32.lib shell32.lib ole32.lib oleaut32.lib uuid.lib glew32s.lib fmodex_vc.lib glu32.lib PocoFoundationmdd.lib PocoNetmdd.lib PocoUtilmdd.lib PocoXMLmdd.lib Ws2_32.lib tess2.lib kernel32.lib user32.lib gdi32.lib winspool.lib comdlg32.lib advapi32.lib shell32.lib ole32.lib oleaut32.lib uuid.lib odbc32.lib odbccp32.lib /NODEFAULTLIB:PocoFoundationd.lib /NODEFAULTLIB:atlthunk.lib /NODEFAULTLIB:LIBC.lib /NODEFAULTLIB:LIBCMT /MANIFEST /ManifestFile:"obj\Debug\oscSenderExample_debug.exe.intermediate.manifest" /MANIFESTUAC:"level='asInvoker' uiAccess='false'" /DEBUG /PDB:"C:\of_v0073_tma\apps\2013_interlab\oscSender\bin\oscSenderExample_debug_debugInfo.pdb" /SUBSYSTEM:CONSOLE /TLBID:1 /DYNAMICBASE:NO /IMPLIB:"bin\oscSenderExample_debug.lib" /MACHINE:X86 obj\Debug\oscSenderExample_debug.exe.embed.manifest.res
         obj\Debug\ofxSimpleSerial.obj
         obj\Debug\main.obj
         obj\Debug\testApp.obj
         obj\Debug\ofxOscSender.obj
         obj\Debug\ofxOscBundle.obj
         obj\Debug\ofxOscReceiver.obj
         obj\Debug\ofxOscMessage.obj
         obj\Debug\NetworkingUtilsWin.obj
         obj\Debug\UdpSocketWin.obj
         obj\Debug\UdpSocket.obj
         obj\Debug\NetworkingUtils.obj
         obj\Debug\IpEndpointName.obj
         obj\Debug\OscReceivedElements.obj
         obj\Debug\OscOutboundPacketStream.obj
         obj\Debug\OscPrintReceivedElements.obj
         obj\Debug\OscTypes.obj
         C:\of_v0073_tma\libs\openFrameworksCompiled\lib\vs2010\openframeworksLibDebug.lib
            Bibliothek "bin\oscSenderExample_debug.lib" und Objekt "bin\oscSenderExample_debug.exp" werden erstellt.
     1>MSVCRTD.lib(cinitexe.obj) : warning LNK4098: Standardbibliothek "msvcrt.lib" steht in Konflikt mit anderen Bibliotheken; /NODEFAULTLIB:Bibliothek verwenden.
     1>PocoFoundationmdd.lib(Ascii.obj) : warning LNK4099: PDB "pocofoundationmdd.pdb" wurde nicht mit "PocoFoundationmdd.lib(Ascii.obj)" oder an "C:\of_v0073_tma\apps\2013_interlab\oscSender\bin\pocofoundationmdd.pdb" gefunden; Objekt wird verknüpft, als ob keine Debuginformationen vorhanden wären.
     1>PocoFoundationmdd.lib(AtomicCounter.obj) : warning LNK4099: PDB "pocofoundationmdd.pdb" wurde nicht mit "PocoFoundationmdd.lib(AtomicCounter.obj)" oder an "C:\of_v0073_tma\apps\2013_interlab\oscSender\bin\pocofoundationmdd.pdb" gefunden; Objekt wird verknüpft, als ob keine Debuginformationen vorhanden wären.
     1>PocoFoundationmdd.lib(Bugcheck.obj) : warning LNK4099: PDB "pocofoundationmdd.pdb" wurde nicht mit "PocoFoundationmdd.lib(Bugcheck.obj)" oder an "C:\of_v0073_tma\apps\2013_interlab\oscSender\bin\pocofoundationmdd.pdb" gefunden; Objekt wird verknüpft, als ob keine Debuginformationen vorhanden wären.
     1>PocoFoundationmdd.lib(Debugger.obj) : warning LNK4099: PDB "pocofoundationmdd.pdb" wurde nicht mit "PocoFoundationmdd.lib(Debugger.obj)" oder an "C:\of_v0073_tma\apps\2013_interlab\oscSender\bin\pocofoundationmdd.pdb" gefunden; Objekt wird verknüpft, als ob keine Debuginformationen vorhanden wären.
     1>PocoFoundationmdd.lib(Environment.obj) : warning LNK4099: PDB "pocofoundationmdd.pdb" wurde nicht mit "PocoFoundationmdd.lib(Environment.obj)" oder an "C:\of_v0073_tma\apps\2013_interlab\oscSender\bin\pocofoundationmdd.pdb" gefunden; Objekt wird verknüpft, als ob keine Debuginformationen vorhanden wären.
     1>PocoFoundationmdd.lib(Exception.obj) : warning LNK4099: PDB "pocofoundationmdd.pdb" wurde nicht mit "PocoFoundationmdd.lib(Exception.obj)" oder an "C:\of_v0073_tma\apps\2013_interlab\oscSender\bin\pocofoundationmdd.pdb" gefunden; Objekt wird verknüpft, als ob keine Debuginformationen vorhanden wären.
     1>PocoFoundationmdd.lib(MemoryPool.obj) : warning LNK4099: PDB "pocofoundationmdd.pdb" wurde nicht mit "PocoFoundationmdd.lib(MemoryPool.obj)" oder an "C:\of_v0073_tma\apps\2013_interlab\oscSender\bin\pocofoundationmdd.pdb" gefunden; Objekt wird verknüpft, als ob keine Debuginformationen vorhanden wären.
     1>PocoFoundationmdd.lib(NumberFormatter.obj) : warning LNK4099: PDB "pocofoundationmdd.pdb" wurde nicht mit "PocoFoundationmdd.lib(NumberFormatter.obj)" oder an "C:\of_v0073_tma\apps\2013_interlab\oscSender\bin\pocofoundationmdd.pdb" gefunden; Objekt wird verknüpft, als ob keine Debuginformationen vorhanden wären.
     1>PocoFoundationmdd.lib(NumberParser.obj) : warning LNK4099: PDB "pocofoundationmdd.pdb" wurde nicht mit "PocoFoundationmdd.lib(NumberParser.obj)" oder an "C:\of_v0073_tma\apps\2013_interlab\oscSender\bin\pocofoundationmdd.pdb" gefunden; Objekt wird verknüpft, als ob keine Debuginformationen vorhanden wären.
     1>PocoFoundationmdd.lib(RefCountedObject.obj) : warning LNK4099: PDB "pocofoundationmdd.pdb" wurde nicht mit "PocoFoundationmdd.lib(RefCountedObject.obj)" oder an "C:\of_v0073_tma\apps\2013_interlab\oscSender\bin\pocofoundationmdd.pdb" gefunden; Objekt wird verknüpft, als ob keine Debuginformationen vorhanden wären.
     1>PocoFoundationmdd.lib(StringTokenizer.obj) : warning LNK4099: PDB "pocofoundationmdd.pdb" wurde nicht mit "PocoFoundationmdd.lib(StringTokenizer.obj)" oder an "C:\of_v0073_tma\apps\2013_interlab\oscSender\bin\pocofoundationmdd.pdb" gefunden; Objekt wird verknüpft, als ob keine Debuginformationen vorhanden wären.
     1>PocoFoundationmdd.lib(Base64Decoder.obj) : warning LNK4099: PDB "pocofoundationmdd.pdb" wurde nicht mit "PocoFoundationmdd.lib(Base64Decoder.obj)" oder an "C:\of_v0073_tma\apps\2013_interlab\oscSender\bin\pocofoundationmdd.pdb" gefunden; Objekt wird verknüpft, als ob keine Debuginformationen vorhanden wären.
     1>PocoFoundationmdd.lib(Base64Encoder.obj) : warning LNK4099: PDB "pocofoundationmdd.pdb" wurde nicht mit "PocoFoundationmdd.lib(Base64Encoder.obj)" oder an "C:\of_v0073_tma\apps\2013_interlab\oscSender\bin\pocofoundationmdd.pdb" gefunden; Objekt wird verknüpft, als ob keine Debuginformationen vorhanden wären.
     1>PocoFoundationmdd.lib(CountingStream.obj) : warning LNK4099: PDB "pocofoundationmdd.pdb" wurde nicht mit "PocoFoundationmdd.lib(CountingStream.obj)" oder an "C:\of_v0073_tma\apps\2013_interlab\oscSender\bin\pocofoundationmdd.pdb" gefunden; Objekt wird verknüpft, als ob keine Debuginformationen vorhanden wären.
     1>PocoFoundationmdd.lib(FileStream.obj) : warning LNK4099: PDB "pocofoundationmdd.pdb" wurde nicht mit "PocoFoundationmdd.lib(FileStream.obj)" oder an "C:\of_v0073_tma\apps\2013_interlab\oscSender\bin\pocofoundationmdd.pdb" gefunden; Objekt wird verknüpft, als ob keine Debuginformationen vorhanden wären.
     1>PocoFoundationmdd.lib(MemoryStream.obj) : warning LNK4099: PDB "pocofoundationmdd.pdb" wurde nicht mit "PocoFoundationmdd.lib(MemoryStream.obj)" oder an "C:\of_v0073_tma\apps\2013_interlab\oscSender\bin\pocofoundationmdd.pdb" gefunden; Objekt wird verknüpft, als ob keine Debuginformationen vorhanden wären.
     1>PocoFoundationmdd.lib(NullStream.obj) : warning LNK4099: PDB "pocofoundationmdd.pdb" wurde nicht mit "PocoFoundationmdd.lib(NullStream.obj)" oder an "C:\of_v0073_tma\apps\2013_interlab\oscSender\bin\pocofoundationmdd.pdb" gefunden; Objekt wird verknüpft, als ob keine Debuginformationen vorhanden wären.
     1>PocoFoundationmdd.lib(StreamCopier.obj) : warning LNK4099: PDB "pocofoundationmdd.pdb" wurde nicht mit "PocoFoundationmdd.lib(StreamCopier.obj)" oder an "C:\of_v0073_tma\apps\2013_interlab\oscSender\bin\pocofoundationmdd.pdb" gefunden; Objekt wird verknüpft, als ob keine Debuginformationen vorhanden wären.
     1>PocoFoundationmdd.lib(adler32.obj) : warning LNK4099: PDB "pocofoundationmdd.pdb" wurde nicht mit "PocoFoundationmdd.lib(adler32.obj)" oder an "C:\of_v0073_tma\apps\2013_interlab\oscSender\bin\pocofoundationmdd.pdb" gefunden; Objekt wird verknüpft, als ob keine Debuginformationen vorhanden wären.
     1>PocoFoundationmdd.lib(crc32.obj) : warning LNK4099: PDB "pocofoundationmdd.pdb" wurde nicht mit "PocoFoundationmdd.lib(crc32.obj)" oder an "C:\of_v0073_tma\apps\2013_interlab\oscSender\bin\pocofoundationmdd.pdb" gefunden; Objekt wird verknüpft, als ob keine Debuginformationen vorhanden wären.
     1>PocoFoundationmdd.lib(deflate.obj) : warning LNK4099: PDB "pocofoundationmdd.pdb" wurde nicht mit "PocoFoundationmdd.lib(deflate.obj)" oder an "C:\of_v0073_tma\apps\2013_interlab\oscSender\bin\pocofoundationmdd.pdb" gefunden; Objekt wird verknüpft, als ob keine Debuginformationen vorhanden wären.
     1>PocoFoundationmdd.lib(trees.obj) : warning LNK4099: PDB "pocofoundationmdd.pdb" wurde nicht mit "PocoFoundationmdd.lib(trees.obj)" oder an "C:\of_v0073_tma\apps\2013_interlab\oscSender\bin\pocofoundationmdd.pdb" gefunden; Objekt wird verknüpft, als ob keine Debuginformationen vorhanden wären.
     1>PocoFoundationmdd.lib(zutil.obj) : warning LNK4099: PDB "pocofoundationmdd.pdb" wurde nicht mit "PocoFoundationmdd.lib(zutil.obj)" oder an "C:\of_v0073_tma\apps\2013_interlab\oscSender\bin\pocofoundationmdd.pdb" gefunden; Objekt wird verknüpft, als ob keine Debuginformationen vorhanden wären.
     1>PocoFoundationmdd.lib(Condition.obj) : warning LNK4099: PDB "pocofoundationmdd.pdb" wurde nicht mit "PocoFoundationmdd.lib(Condition.obj)" oder an "C:\of_v0073_tma\apps\2013_interlab\oscSender\bin\pocofoundationmdd.pdb" gefunden; Objekt wird verknüpft, als ob keine Debuginformationen vorhanden wären.
     1>PocoFoundationmdd.lib(ErrorHandler.obj) : warning LNK4099: PDB "pocofoundationmdd.pdb" wurde nicht mit "PocoFoundationmdd.lib(ErrorHandler.obj)" oder an "C:\of_v0073_tma\apps\2013_interlab\oscSender\bin\pocofoundationmdd.pdb" gefunden; Objekt wird verknüpft, als ob keine Debuginformationen vorhanden wären.
     1>PocoFoundationmdd.lib(Event.obj) : warning LNK4099: PDB "pocofoundationmdd.pdb" wurde nicht mit "PocoFoundationmdd.lib(Event.obj)" oder an "C:\of_v0073_tma\apps\2013_interlab\oscSender\bin\pocofoundationmdd.pdb" gefunden; Objekt wird verknüpft, als ob keine Debuginformationen vorhanden wären.
     1>PocoFoundationmdd.lib(Mutex.obj) : warning LNK4099: PDB "pocofoundationmdd.pdb" wurde nicht mit "PocoFoundationmdd.lib(Mutex.obj)" oder an "C:\of_v0073_tma\apps\2013_interlab\oscSender\bin\pocofoundationmdd.pdb" gefunden; Objekt wird verknüpft, als ob keine Debuginformationen vorhanden wären.
     1>PocoFoundationmdd.lib(Runnable.obj) : warning LNK4099: PDB "pocofoundationmdd.pdb" wurde nicht mit "PocoFoundationmdd.lib(Runnable.obj)" oder an "C:\of_v0073_tma\apps\2013_interlab\oscSender\bin\pocofoundationmdd.pdb" gefunden; Objekt wird verknüpft, als ob keine Debuginformationen vorhanden wären.
     1>PocoFoundationmdd.lib(RWLock.obj) : warning LNK4099: PDB "pocofoundationmdd.pdb" wurde nicht mit "PocoFoundationmdd.lib(RWLock.obj)" oder an "C:\of_v0073_tma\apps\2013_interlab\oscSender\bin\pocofoundationmdd.pdb" gefunden; Objekt wird verknüpft, als ob keine Debuginformationen vorhanden wären.
     1>PocoFoundationmdd.lib(Thread.obj) : warning LNK4099: PDB "pocofoundationmdd.pdb" wurde nicht mit "PocoFoundationmdd.lib(Thread.obj)" oder an "C:\of_v0073_tma\apps\2013_interlab\oscSender\bin\pocofoundationmdd.pdb" gefunden; Objekt wird verknüpft, als ob keine Debuginformationen vorhanden wären.
     1>PocoFoundationmdd.lib(ThreadLocal.obj) : warning LNK4099: PDB "pocofoundationmdd.pdb" wurde nicht mit "PocoFoundationmdd.lib(ThreadLocal.obj)" oder an "C:\of_v0073_tma\apps\2013_interlab\oscSender\bin\pocofoundationmdd.pdb" gefunden; Objekt wird verknüpft, als ob keine Debuginformationen vorhanden wären.
     1>PocoFoundationmdd.lib(DigestEngine.obj) : warning LNK4099: PDB "pocofoundationmdd.pdb" wurde nicht mit "PocoFoundationmdd.lib(DigestEngine.obj)" oder an "C:\of_v0073_tma\apps\2013_interlab\oscSender\bin\pocofoundationmdd.pdb" gefunden; Objekt wird verknüpft, als ob keine Debuginformationen vorhanden wären.
     1>PocoFoundationmdd.lib(MD5Engine.obj) : warning LNK4099: PDB "pocofoundationmdd.pdb" wurde nicht mit "PocoFoundationmdd.lib(MD5Engine.obj)" oder an "C:\of_v0073_tma\apps\2013_interlab\oscSender\bin\pocofoundationmdd.pdb" gefunden; Objekt wird verknüpft, als ob keine Debuginformationen vorhanden wären.
     1>PocoFoundationmdd.lib(DirectoryIterator.obj) : warning LNK4099: PDB "pocofoundationmdd.pdb" wurde nicht mit "PocoFoundationmdd.lib(DirectoryIterator.obj)" oder an "C:\of_v0073_tma\apps\2013_interlab\oscSender\bin\pocofoundationmdd.pdb" gefunden; Objekt wird verknüpft, als ob keine Debuginformationen vorhanden wären.
     1>PocoFoundationmdd.lib(File.obj) : warning LNK4099: PDB "pocofoundationmdd.pdb" wurde nicht mit "PocoFoundationmdd.lib(File.obj)" oder an "C:\of_v0073_tma\apps\2013_interlab\oscSender\bin\pocofoundationmdd.pdb" gefunden; Objekt wird verknüpft, als ob keine Debuginformationen vorhanden wären.
     1>PocoFoundationmdd.lib(Path.obj) : warning LNK4099: PDB "pocofoundationmdd.pdb" wurde nicht mit "PocoFoundationmdd.lib(Path.obj)" oder an "C:\of_v0073_tma\apps\2013_interlab\oscSender\bin\pocofoundationmdd.pdb" gefunden; Objekt wird verknüpft, als ob keine Debuginformationen vorhanden wären.
     1>PocoFoundationmdd.lib(DateTime.obj) : warning LNK4099: PDB "pocofoundationmdd.pdb" wurde nicht mit "PocoFoundationmdd.lib(DateTime.obj)" oder an "C:\of_v0073_tma\apps\2013_interlab\oscSender\bin\pocofoundationmdd.pdb" gefunden; Objekt wird verknüpft, als ob keine Debuginformationen vorhanden wären.
     1>PocoFoundationmdd.lib(DateTimeFormat.obj) : warning LNK4099: PDB "pocofoundationmdd.pdb" wurde nicht mit "PocoFoundationmdd.lib(DateTimeFormat.obj)" oder an "C:\of_v0073_tma\apps\2013_interlab\oscSender\bin\pocofoundationmdd.pdb" gefunden; Objekt wird verknüpft, als ob keine Debuginformationen vorhanden wären.
     1>PocoFoundationmdd.lib(DateTimeFormatter.obj) : warning LNK4099: PDB "pocofoundationmdd.pdb" wurde nicht mit "PocoFoundationmdd.lib(DateTimeFormatter.obj)" oder an "C:\of_v0073_tma\apps\2013_interlab\oscSender\bin\pocofoundationmdd.pdb" gefunden; Objekt wird verknüpft, als ob keine Debuginformationen vorhanden wären.
     1>PocoFoundationmdd.lib(DateTimeParser.obj) : warning LNK4099: PDB "pocofoundationmdd.pdb" wurde nicht mit "PocoFoundationmdd.lib(DateTimeParser.obj)" oder an "C:\of_v0073_tma\apps\2013_interlab\oscSender\bin\pocofoundationmdd.pdb" gefunden; Objekt wird verknüpft, als ob keine Debuginformationen vorhanden wären.
     1>PocoFoundationmdd.lib(LocalDateTime.obj) : warning LNK4099: PDB "pocofoundationmdd.pdb" wurde nicht mit "PocoFoundationmdd.lib(LocalDateTime.obj)" oder an "C:\of_v0073_tma\apps\2013_interlab\oscSender\bin\pocofoundationmdd.pdb" gefunden; Objekt wird verknüpft, als ob keine Debuginformationen vorhanden wären.
     1>PocoFoundationmdd.lib(Timespan.obj) : warning LNK4099: PDB "pocofoundationmdd.pdb" wurde nicht mit "PocoFoundationmdd.lib(Timespan.obj)" oder an "C:\of_v0073_tma\apps\2013_interlab\oscSender\bin\pocofoundationmdd.pdb" gefunden; Objekt wird verknüpft, als ob keine Debuginformationen vorhanden wären.
     1>PocoFoundationmdd.lib(Timestamp.obj) : warning LNK4099: PDB "pocofoundationmdd.pdb" wurde nicht mit "PocoFoundationmdd.lib(Timestamp.obj)" oder an "C:\of_v0073_tma\apps\2013_interlab\oscSender\bin\pocofoundationmdd.pdb" gefunden; Objekt wird verknüpft, als ob keine Debuginformationen vorhanden wären.
     1>PocoFoundationmdd.lib(Timezone.obj) : warning LNK4099: PDB "pocofoundationmdd.pdb" wurde nicht mit "PocoFoundationmdd.lib(Timezone.obj)" oder an "C:\of_v0073_tma\apps\2013_interlab\oscSender\bin\pocofoundationmdd.pdb" gefunden; Objekt wird verknüpft, als ob keine Debuginformationen vorhanden wären.
     1>PocoFoundationmdd.lib(ASCIIEncoding.obj) : warning LNK4099: PDB "pocofoundationmdd.pdb" wurde nicht mit "PocoFoundationmdd.lib(ASCIIEncoding.obj)" oder an "C:\of_v0073_tma\apps\2013_interlab\oscSender\bin\pocofoundationmdd.pdb" gefunden; Objekt wird verknüpft, als ob keine Debuginformationen vorhanden wären.
     1>PocoFoundationmdd.lib(Latin1Encoding.obj) : warning LNK4099: PDB "pocofoundationmdd.pdb" wurde nicht mit "PocoFoundationmdd.lib(Latin1Encoding.obj)" oder an "C:\of_v0073_tma\apps\2013_interlab\oscSender\bin\pocofoundationmdd.pdb" gefunden; Objekt wird verknüpft, als ob keine Debuginformationen vorhanden wären.
     1>PocoFoundationmdd.lib(Latin9Encoding.obj) : warning LNK4099: PDB "pocofoundationmdd.pdb" wurde nicht mit "PocoFoundationmdd.lib(Latin9Encoding.obj)" oder an "C:\of_v0073_tma\apps\2013_interlab\oscSender\bin\pocofoundationmdd.pdb" gefunden; Objekt wird verknüpft, als ob keine Debuginformationen vorhanden wären.
     1>PocoFoundationmdd.lib(TextConverter.obj) : warning LNK4099: PDB "pocofoundationmdd.pdb" wurde nicht mit "PocoFoundationmdd.lib(TextConverter.obj)" oder an "C:\of_v0073_tma\apps\2013_interlab\oscSender\bin\pocofoundationmdd.pdb" gefunden; Objekt wird verknüpft, als ob keine Debuginformationen vorhanden wären.
     1>PocoFoundationmdd.lib(TextEncoding.obj) : warning LNK4099: PDB "pocofoundationmdd.pdb" wurde nicht mit "PocoFoundationmdd.lib(TextEncoding.obj)" oder an "C:\of_v0073_tma\apps\2013_interlab\oscSender\bin\pocofoundationmdd.pdb" gefunden; Objekt wird verknüpft, als ob keine Debuginformationen vorhanden wären.
     1>PocoFoundationmdd.lib(TextIterator.obj) : warning LNK4099: PDB "pocofoundationmdd.pdb" wurde nicht mit "PocoFoundationmdd.lib(TextIterator.obj)" oder an "C:\of_v0073_tma\apps\2013_interlab\oscSender\bin\pocofoundationmdd.pdb" gefunden; Objekt wird verknüpft, als ob keine Debuginformationen vorhanden wären.
     1>PocoFoundationmdd.lib(UnicodeConverter.obj) : warning LNK4099: PDB "pocofoundationmdd.pdb" wurde nicht mit "PocoFoundationmdd.lib(UnicodeConverter.obj)" oder an "C:\of_v0073_tma\apps\2013_interlab\oscSender\bin\pocofoundationmdd.pdb" gefunden; Objekt wird verknüpft, als ob keine Debuginformationen vorhanden wären.
     1>PocoFoundationmdd.lib(UTF16Encoding.obj) : warning LNK4099: PDB "pocofoundationmdd.pdb" wurde nicht mit "PocoFoundationmdd.lib(UTF16Encoding.obj)" oder an "C:\of_v0073_tma\apps\2013_interlab\oscSender\bin\pocofoundationmdd.pdb" gefunden; Objekt wird verknüpft, als ob keine Debuginformationen vorhanden wären.
     1>PocoFoundationmdd.lib(UTF8Encoding.obj) : warning LNK4099: PDB "pocofoundationmdd.pdb" wurde nicht mit "PocoFoundationmdd.lib(UTF8Encoding.obj)" oder an "C:\of_v0073_tma\apps\2013_interlab\oscSender\bin\pocofoundationmdd.pdb" gefunden; Objekt wird verknüpft, als ob keine Debuginformationen vorhanden wären.
     1>PocoFoundationmdd.lib(Windows1252Encoding.obj) : warning LNK4099: PDB "pocofoundationmdd.pdb" wurde nicht mit "PocoFoundationmdd.lib(Windows1252Encoding.obj)" oder an "C:\of_v0073_tma\apps\2013_interlab\oscSender\bin\pocofoundationmdd.pdb" gefunden; Objekt wird verknüpft, als ob keine Debuginformationen vorhanden wären.
     1>PocoFoundationmdd.lib(FileStreamFactory.obj) : warning LNK4099: PDB "pocofoundationmdd.pdb" wurde nicht mit "PocoFoundationmdd.lib(FileStreamFactory.obj)" oder an "C:\of_v0073_tma\apps\2013_interlab\oscSender\bin\pocofoundationmdd.pdb" gefunden; Objekt wird verknüpft, als ob keine Debuginformationen vorhanden wären.
     1>PocoFoundationmdd.lib(URI.obj) : warning LNK4099: PDB "pocofoundationmdd.pdb" wurde nicht mit "PocoFoundationmdd.lib(URI.obj)" oder an "C:\of_v0073_tma\apps\2013_interlab\oscSender\bin\pocofoundationmdd.pdb" gefunden; Objekt wird verknüpft, als ob keine Debuginformationen vorhanden wären.
     1>PocoFoundationmdd.lib(URIStreamFactory.obj) : warning LNK4099: PDB "pocofoundationmdd.pdb" wurde nicht mit "PocoFoundationmdd.lib(URIStreamFactory.obj)" oder an "C:\of_v0073_tma\apps\2013_interlab\oscSender\bin\pocofoundationmdd.pdb" gefunden; Objekt wird verknüpft, als ob keine Debuginformationen vorhanden wären.
     1>PocoFoundationmdd.lib(URIStreamOpener.obj) : warning LNK4099: PDB "pocofoundationmdd.pdb" wurde nicht mit "PocoFoundationmdd.lib(URIStreamOpener.obj)" oder an "C:\of_v0073_tma\apps\2013_interlab\oscSender\bin\pocofoundationmdd.pdb" gefunden; Objekt wird verknüpft, als ob keine Debuginformationen vorhanden wären.
     1>PocoNetmdd.lib(DNS.obj) : warning LNK4099: PDB "poconetmdd.pdb" wurde nicht mit "PocoNetmdd.lib(DNS.obj)" oder an "C:\of_v0073_tma\apps\2013_interlab\oscSender\bin\poconetmdd.pdb" gefunden; Objekt wird verknüpft, als ob keine Debuginformationen vorhanden wären.
     1>PocoNetmdd.lib(HostEntry.obj) : warning LNK4099: PDB "poconetmdd.pdb" wurde nicht mit "PocoNetmdd.lib(HostEntry.obj)" oder an "C:\of_v0073_tma\apps\2013_interlab\oscSender\bin\poconetmdd.pdb" gefunden; Objekt wird verknüpft, als ob keine Debuginformationen vorhanden wären.
     1>PocoNetmdd.lib(IPAddress.obj) : warning LNK4099: PDB "poconetmdd.pdb" wurde nicht mit "PocoNetmdd.lib(IPAddress.obj)" oder an "C:\of_v0073_tma\apps\2013_interlab\oscSender\bin\poconetmdd.pdb" gefunden; Objekt wird verknüpft, als ob keine Debuginformationen vorhanden wären.
     1>PocoNetmdd.lib(NetException.obj) : warning LNK4099: PDB "poconetmdd.pdb" wurde nicht mit "PocoNetmdd.lib(NetException.obj)" oder an "C:\of_v0073_tma\apps\2013_interlab\oscSender\bin\poconetmdd.pdb" gefunden; Objekt wird verknüpft, als ob keine Debuginformationen vorhanden wären.
     1>PocoNetmdd.lib(SocketAddress.obj) : warning LNK4099: PDB "poconetmdd.pdb" wurde nicht mit "PocoNetmdd.lib(SocketAddress.obj)" oder an "C:\of_v0073_tma\apps\2013_interlab\oscSender\bin\poconetmdd.pdb" gefunden; Objekt wird verknüpft, als ob keine Debuginformationen vorhanden wären.
     1>PocoNetmdd.lib(Socket.obj) : warning LNK4099: PDB "poconetmdd.pdb" wurde nicht mit "PocoNetmdd.lib(Socket.obj)" oder an "C:\of_v0073_tma\apps\2013_interlab\oscSender\bin\poconetmdd.pdb" gefunden; Objekt wird verknüpft, als ob keine Debuginformationen vorhanden wären.
     1>PocoNetmdd.lib(SocketImpl.obj) : warning LNK4099: PDB "poconetmdd.pdb" wurde nicht mit "PocoNetmdd.lib(SocketImpl.obj)" oder an "C:\of_v0073_tma\apps\2013_interlab\oscSender\bin\poconetmdd.pdb" gefunden; Objekt wird verknüpft, als ob keine Debuginformationen vorhanden wären.
     1>PocoNetmdd.lib(StreamSocket.obj) : warning LNK4099: PDB "poconetmdd.pdb" wurde nicht mit "PocoNetmdd.lib(StreamSocket.obj)" oder an "C:\of_v0073_tma\apps\2013_interlab\oscSender\bin\poconetmdd.pdb" gefunden; Objekt wird verknüpft, als ob keine Debuginformationen vorhanden wären.
     1>PocoNetmdd.lib(StreamSocketImpl.obj) : warning LNK4099: PDB "poconetmdd.pdb" wurde nicht mit "PocoNetmdd.lib(StreamSocketImpl.obj)" oder an "C:\of_v0073_tma\apps\2013_interlab\oscSender\bin\poconetmdd.pdb" gefunden; Objekt wird verknüpft, als ob keine Debuginformationen vorhanden wären.
     1>PocoNetmdd.lib(MediaType.obj) : warning LNK4099: PDB "poconetmdd.pdb" wurde nicht mit "PocoNetmdd.lib(MediaType.obj)" oder an "C:\of_v0073_tma\apps\2013_interlab\oscSender\bin\poconetmdd.pdb" gefunden; Objekt wird verknüpft, als ob keine Debuginformationen vorhanden wären.
     1>PocoNetmdd.lib(MessageHeader.obj) : warning LNK4099: PDB "poconetmdd.pdb" wurde nicht mit "PocoNetmdd.lib(MessageHeader.obj)" oder an "C:\of_v0073_tma\apps\2013_interlab\oscSender\bin\poconetmdd.pdb" gefunden; Objekt wird verknüpft, als ob keine Debuginformationen vorhanden wären.
     1>PocoNetmdd.lib(NameValueCollection.obj) : warning LNK4099: PDB "poconetmdd.pdb" wurde nicht mit "PocoNetmdd.lib(NameValueCollection.obj)" oder an "C:\of_v0073_tma\apps\2013_interlab\oscSender\bin\poconetmdd.pdb" gefunden; Objekt wird verknüpft, als ob keine Debuginformationen vorhanden wären.
     1>PocoNetmdd.lib(HTTPAuthenticationParams.obj) : warning LNK4099: PDB "poconetmdd.pdb" wurde nicht mit "PocoNetmdd.lib(HTTPAuthenticationParams.obj)" oder an "C:\of_v0073_tma\apps\2013_interlab\oscSender\bin\poconetmdd.pdb" gefunden; Objekt wird verknüpft, als ob keine Debuginformationen vorhanden wären.
     1>PocoNetmdd.lib(HTTPBasicCredentials.obj) : warning LNK4099: PDB "poconetmdd.pdb" wurde nicht mit "PocoNetmdd.lib(HTTPBasicCredentials.obj)" oder an "C:\of_v0073_tma\apps\2013_interlab\oscSender\bin\poconetmdd.pdb" gefunden; Objekt wird verknüpft, als ob keine Debuginformationen vorhanden wären.
     1>PocoNetmdd.lib(HTTPBufferAllocator.obj) : warning LNK4099: PDB "poconetmdd.pdb" wurde nicht mit "PocoNetmdd.lib(HTTPBufferAllocator.obj)" oder an "C:\of_v0073_tma\apps\2013_interlab\oscSender\bin\poconetmdd.pdb" gefunden; Objekt wird verknüpft, als ob keine Debuginformationen vorhanden wären.
     1>PocoNetmdd.lib(HTTPChunkedStream.obj) : warning LNK4099: PDB "poconetmdd.pdb" wurde nicht mit "PocoNetmdd.lib(HTTPChunkedStream.obj)" oder an "C:\of_v0073_tma\apps\2013_interlab\oscSender\bin\poconetmdd.pdb" gefunden; Objekt wird verknüpft, als ob keine Debuginformationen vorhanden wären.
     1>PocoNetmdd.lib(HTTPCookie.obj) : warning LNK4099: PDB "poconetmdd.pdb" wurde nicht mit "PocoNetmdd.lib(HTTPCookie.obj)" oder an "C:\of_v0073_tma\apps\2013_interlab\oscSender\bin\poconetmdd.pdb" gefunden; Objekt wird verknüpft, als ob keine Debuginformationen vorhanden wären.
     1>PocoNetmdd.lib(HTTPCredentials.obj) : warning LNK4099: PDB "poconetmdd.pdb" wurde nicht mit "PocoNetmdd.lib(HTTPCredentials.obj)" oder an "C:\of_v0073_tma\apps\2013_interlab\oscSender\bin\poconetmdd.pdb" gefunden; Objekt wird verknüpft, als ob keine Debuginformationen vorhanden wären.
     1>PocoNetmdd.lib(HTTPDigestCredentials.obj) : warning LNK4099: PDB "poconetmdd.pdb" wurde nicht mit "PocoNetmdd.lib(HTTPDigestCredentials.obj)" oder an "C:\of_v0073_tma\apps\2013_interlab\oscSender\bin\poconetmdd.pdb" gefunden; Objekt wird verknüpft, als ob keine Debuginformationen vorhanden wären.
     1>PocoNetmdd.lib(HTTPFixedLengthStream.obj) : warning LNK4099: PDB "poconetmdd.pdb" wurde nicht mit "PocoNetmdd.lib(HTTPFixedLengthStream.obj)" oder an "C:\of_v0073_tma\apps\2013_interlab\oscSender\bin\poconetmdd.pdb" gefunden; Objekt wird verknüpft, als ob keine Debuginformationen vorhanden wären.
     1>PocoNetmdd.lib(HTTPHeaderStream.obj) : warning LNK4099: PDB "poconetmdd.pdb" wurde nicht mit "PocoNetmdd.lib(HTTPHeaderStream.obj)" oder an "C:\of_v0073_tma\apps\2013_interlab\oscSender\bin\poconetmdd.pdb" gefunden; Objekt wird verknüpft, als ob keine Debuginformationen vorhanden wären.
     1>PocoNetmdd.lib(HTTPMessage.obj) : warning LNK4099: PDB "poconetmdd.pdb" wurde nicht mit "PocoNetmdd.lib(HTTPMessage.obj)" oder an "C:\of_v0073_tma\apps\2013_interlab\oscSender\bin\poconetmdd.pdb" gefunden; Objekt wird verknüpft, als ob keine Debuginformationen vorhanden wären.
     1>PocoNetmdd.lib(HTTPRequest.obj) : warning LNK4099: PDB "poconetmdd.pdb" wurde nicht mit "PocoNetmdd.lib(HTTPRequest.obj)" oder an "C:\of_v0073_tma\apps\2013_interlab\oscSender\bin\poconetmdd.pdb" gefunden; Objekt wird verknüpft, als ob keine Debuginformationen vorhanden wären.
     1>PocoNetmdd.lib(HTTPResponse.obj) : warning LNK4099: PDB "poconetmdd.pdb" wurde nicht mit "PocoNetmdd.lib(HTTPResponse.obj)" oder an "C:\of_v0073_tma\apps\2013_interlab\oscSender\bin\poconetmdd.pdb" gefunden; Objekt wird verknüpft, als ob keine Debuginformationen vorhanden wären.
     1>PocoNetmdd.lib(HTTPSession.obj) : warning LNK4099: PDB "poconetmdd.pdb" wurde nicht mit "PocoNetmdd.lib(HTTPSession.obj)" oder an "C:\of_v0073_tma\apps\2013_interlab\oscSender\bin\poconetmdd.pdb" gefunden; Objekt wird verknüpft, als ob keine Debuginformationen vorhanden wären.
     1>PocoNetmdd.lib(HTTPStream.obj) : warning LNK4099: PDB "poconetmdd.pdb" wurde nicht mit "PocoNetmdd.lib(HTTPStream.obj)" oder an "C:\of_v0073_tma\apps\2013_interlab\oscSender\bin\poconetmdd.pdb" gefunden; Objekt wird verknüpft, als ob keine Debuginformationen vorhanden wären.
     1>PocoNetmdd.lib(HTTPClientSession.obj) : warning LNK4099: PDB "poconetmdd.pdb" wurde nicht mit "PocoNetmdd.lib(HTTPClientSession.obj)" oder an "C:\of_v0073_tma\apps\2013_interlab\oscSender\bin\poconetmdd.pdb" gefunden; Objekt wird verknüpft, als ob keine Debuginformationen vorhanden wären.
     1>PocoNetmdd.lib(HTTPIOStream.obj) : warning LNK4099: PDB "poconetmdd.pdb" wurde nicht mit "PocoNetmdd.lib(HTTPIOStream.obj)" oder an "C:\of_v0073_tma\apps\2013_interlab\oscSender\bin\poconetmdd.pdb" gefunden; Objekt wird verknüpft, als ob keine Debuginformationen vorhanden wären.
     1>PocoNetmdd.lib(HTTPStreamFactory.obj) : warning LNK4099: PDB "poconetmdd.pdb" wurde nicht mit "PocoNetmdd.lib(HTTPStreamFactory.obj)" oder an "C:\of_v0073_tma\apps\2013_interlab\oscSender\bin\poconetmdd.pdb" gefunden; Objekt wird verknüpft, als ob keine Debuginformationen vorhanden wären.
     1>tess2.lib(bucketalloc.obj) : warning LNK4099: PDB "vc100.pdb" wurde nicht mit "tess2.lib(bucketalloc.obj)" oder an "C:\of_v0073_tma\apps\2013_interlab\oscSender\bin\vc100.pdb" gefunden; Objekt wird verknüpft, als ob keine Debuginformationen vorhanden wären.
     1>tess2.lib(dict.obj) : warning LNK4099: PDB "vc100.pdb" wurde nicht mit "tess2.lib(dict.obj)" oder an "C:\of_v0073_tma\apps\2013_interlab\oscSender\bin\vc100.pdb" gefunden; Objekt wird verknüpft, als ob keine Debuginformationen vorhanden wären.
     1>tess2.lib(geom.obj) : warning LNK4099: PDB "vc100.pdb" wurde nicht mit "tess2.lib(geom.obj)" oder an "C:\of_v0073_tma\apps\2013_interlab\oscSender\bin\vc100.pdb" gefunden; Objekt wird verknüpft, als ob keine Debuginformationen vorhanden wären.
     1>tess2.lib(mesh.obj) : warning LNK4099: PDB "vc100.pdb" wurde nicht mit "tess2.lib(mesh.obj)" oder an "C:\of_v0073_tma\apps\2013_interlab\oscSender\bin\vc100.pdb" gefunden; Objekt wird verknüpft, als ob keine Debuginformationen vorhanden wären.
     1>tess2.lib(priorityq.obj) : warning LNK4099: PDB "vc100.pdb" wurde nicht mit "tess2.lib(priorityq.obj)" oder an "C:\of_v0073_tma\apps\2013_interlab\oscSender\bin\vc100.pdb" gefunden; Objekt wird verknüpft, als ob keine Debuginformationen vorhanden wären.
     1>tess2.lib(sweep.obj) : warning LNK4099: PDB "vc100.pdb" wurde nicht mit "tess2.lib(sweep.obj)" oder an "C:\of_v0073_tma\apps\2013_interlab\oscSender\bin\vc100.pdb" gefunden; Objekt wird verknüpft, als ob keine Debuginformationen vorhanden wären.
     1>tess2.lib(tess.obj) : warning LNK4099: PDB "vc100.pdb" wurde nicht mit "tess2.lib(tess.obj)" oder an "C:\of_v0073_tma\apps\2013_interlab\oscSender\bin\vc100.pdb" gefunden; Objekt wird verknüpft, als ob keine Debuginformationen vorhanden wären.
       Manifest:
         C:\Program Files (x86)\Microsoft SDKs\Windows\v7.0A\bin\mt.exe /nologo /verbose /out:"obj\Debug\oscSenderExample_debug.exe.embed.manifest" /manifest obj\Debug\oscSenderExample_debug.exe.intermediate.manifest
         Alle Ausgaben sind aktuell.
       LinkEmbedManifest:
         Alle Ausgaben sind aktuell.
         oscSenderExample.vcxproj -> C:\of_v0073_tma\apps\2013_interlab\oscSender\bin\oscSenderExample_debug.exe
       PostBuildEvent:
         Description: adding DLLs and creating data folder
         xcopy /e /i /y "C:\of_v0073_tma\apps\2013_interlab\oscSender\..\..\..\export\vs2010\*.dll" "C:\of_v0073_tma\apps\2013_interlab\oscSender\bin"
         :VCEnd
         C:\of_v0073_tma\apps\2013_interlab\oscSender\..\..\..\export\vs2010\Assimp32.dll
         C:\of_v0073_tma\apps\2013_interlab\oscSender\..\..\..\export\vs2010\fmodex.dll
         C:\of_v0073_tma\apps\2013_interlab\oscSender\..\..\..\export\vs2010\fmodexL.dll
         C:\of_v0073_tma\apps\2013_interlab\oscSender\..\..\..\export\vs2010\FreeImage.dll
         C:\of_v0073_tma\apps\2013_interlab\oscSender\..\..\..\export\vs2010\FreeType-6.dll
         C:\of_v0073_tma\apps\2013_interlab\oscSender\..\..\..\export\vs2010\glut32.dll
         C:\of_v0073_tma\apps\2013_interlab\oscSender\..\..\..\export\vs2010\Zlib.dll
         7 Datei(en) kopiert
       FinalizeBuildStatus:
         Die Datei "obj\Debug\oscSenderExample.unsuccessfulbuild" wird gelöscht.
         Aktualisieren des Timestamps von "obj\Debug\oscSenderExample.lastbuildstate".
     1>Die Erstellung des Projekts "C:\of_v0073_tma\apps\2013_interlab\oscSender\oscSenderExample.vcxproj" ist abgeschlossen, build Ziel(e).

Das Erstellen war erfolgreich.

Verstrichene Zeit 00:00:11.10
